info it worked if it ends with ok
verbose cli [ '/usr/bin/nodejs', '/usr/bin/npm', 'install', 'scrap' ]
info using npm@1.1.4
info using node@v0.6.19
verbose config file /home/sarnobat/.npmrc
verbose config file /usr/etc/npmrc
verbose config file /usr/share/npm/npmrc
verbose caching /home/sarnobat/Desktop/new/github/yurl_rest/js/neo4j_rest_server_nodejs/package.json
verbose loadDefaults wine-cellar@0.0.1
verbose caching /home/sarnobat/Desktop/new/github/yurl_rest/js/neo4j_rest_server_nodejs/node_modules/express/package.json
verbose loadDefaults express@3.4.0
verbose caching /home/sarnobat/Desktop/new/github/yurl_rest/js/neo4j_rest_server_nodejs/node_modules/node-phantom/package.json
verbose caching /home/sarnobat/Desktop/new/github/yurl_rest/js/neo4j_rest_server_nodejs/node_modules/phantomjs/package.json
verbose loadDefaults phantomjs@1.9.2-2
verbose caching /home/sarnobat/Desktop/new/github/yurl_rest/js/neo4j_rest_server_nodejs/node_modules/zombie/package.json
verbose caching /home/sarnobat/Desktop/new/github/yurl_rest/js/neo4j_rest_server_nodejs/node_modules/neo4j/package.json
verbose loadDefaults neo4j@0.2.20
verbose caching /home/sarnobat/Desktop/new/github/yurl_rest/js/neo4j_rest_server_nodejs/node_modules/expect.js/package.json
verbose loadDefaults expect.js@0.2.0
verbose from cache /home/sarnobat/Desktop/new/github/yurl_rest/js/neo4j_rest_server_nodejs/package.json
verbose readDependencies: using package.json deps
verbose cache add [ 'scrap', null ]
silly cache add: name, spec, args [ undefined, 'scrap', [ 'scrap', null ] ]
verbose parsed url { pathname: 'scrap', path: 'scrap', href: 'scrap' }
verbose addNamed [ 'scrap', '' ]
verbose addNamed [ null, '' ]
silly name, range, hasData [ 'scrap', '', false ]
verbose raw, before any munging scrap
verbose url resolving [ 'https://registry.npmjs.org/', './scrap' ]
verbose url resolved https://registry.npmjs.org/scrap
http GET https://registry.npmjs.org/scrap
http 200 https://registry.npmjs.org/scrap
silly get cb [ 200,
silly get cb   { vary: 'Accept',
silly get cb     server: 'CouchDB/1.3.1 (Erlang OTP/R15B03)',
silly get cb     etag: '"9D8P4A4DB5CQFP9C5N4P8QV3C"',
silly get cb     date: 'Wed, 02 Oct 2013 05:55:40 GMT',
silly get cb     'content-type': 'application/json',
silly get cb     'content-length': '12126' } ]
verbose mkdir (expected) error ENOENT, stat '/home/sarnobat/.npm/scrap'
verbose mkdir done: /home/sarnobat/.npm/scrap 755
silly name, range, hasData 2 [ 'scrap', '', true ]
silly versions [ 'scrap', [ '0.0.1', '0.0.2', '0.1.0' ] ]
verbose bin dist [ '0.6-ares1.9.1-evundefined-openssl1.0.1c-v83.8.9.20-linux-ia32-3.5.0-40-generic',
verbose bin dist   { shasum: '1d1c360825e59d2059e97b102a9f5964ff89097f',
verbose bin dist     tarball: 'http://registry.npmjs.org/scrap/-/scrap-0.1.0.tgz' } ]
verbose addRemoteTarball [ 'https://registry.npmjs.org/scrap/-/scrap-0.1.0.tgz',
verbose addRemoteTarball   '1d1c360825e59d2059e97b102a9f5964ff89097f' ]
verbose mkdir (expected) error ENOENT, stat '/tmp/npm-1380693348094'
verbose mkdir (expected) error ENOENT, stat '/tmp/npm-1380693348094/1380693348094-0.33581690210849047'
verbose mkdir done: /tmp/npm-1380693348094/1380693348094-0.33581690210849047 755
verbose fetch to /tmp/npm-1380693348094/1380693348094-0.33581690210849047/tmp.tgz
http GET https://registry.npmjs.org/scrap/-/scrap-0.1.0.tgz
http 200 https://registry.npmjs.org/scrap/-/scrap-0.1.0.tgz
silly updated sha bytes 5463
info shasum 1d1c360825e59d2059e97b102a9f5964ff89097f
info shasum /tmp/npm-1380693348094/1380693348094-0.33581690210849047/tmp.tgz
verbose mkdir (expected) error ENOENT, stat '/tmp/npm-1380693348094/1380693348094-0.33581690210849047/___package.npm'
verbose mkdir done: /tmp/npm-1380693348094/1380693348094-0.33581690210849047/___package.npm 755
verbose unpack_ uid, gid [ undefined, undefined ]
verbose unpackTarget /tmp/npm-1380693348094/1380693348094-0.33581690210849047/package
silly gunzTarPerm modes [ '755', '644' ]
silly afterUntar ok
silly asyncMap in gTP /tmp/npm-1380693348094/1380693348094-0.33581690210849047/___package.npm/package
silly asyncMap in gTP /tmp/npm-1380693348094/1380693348094-0.33581690210849047/___package.npm/package/CHANGELOG.md
silly asyncMap in gTP /tmp/npm-1380693348094/1380693348094-0.33581690210849047/___package.npm/package/LICENSE
silly asyncMap in gTP /tmp/npm-1380693348094/1380693348094-0.33581690210849047/___package.npm/package/package.json
silly asyncMap in gTP /tmp/npm-1380693348094/1380693348094-0.33581690210849047/___package.npm/package/README.md
silly asyncMap in gTP /tmp/npm-1380693348094/1380693348094-0.33581690210849047/___package.npm/package/.npmignore
silly asyncMap in gTP /tmp/npm-1380693348094/1380693348094-0.33581690210849047/___package.npm/package/lib
silly asyncMap in gTP /tmp/npm-1380693348094/1380693348094-0.33581690210849047/___package.npm/package/lib/scrap.js
silly asyncMap in gTP /tmp/npm-1380693348094/1380693348094-0.33581690210849047/___package.npm/package/test
silly asyncMap in gTP /tmp/npm-1380693348094/1380693348094-0.33581690210849047/___package.npm/package/test/mocha.opts
silly asyncMap in gTP /tmp/npm-1380693348094/1380693348094-0.33581690210849047/___package.npm/package/test/scrap.test.js
silly asyncMap in gTP /tmp/npm-1380693348094/1380693348094-0.33581690210849047/___package.npm/package/test/resources
silly asyncMap in gTP /tmp/npm-1380693348094/1380693348094-0.33581690210849047/___package.npm/package/test/resources/.gitkeep
silly asyncMap in gTP /tmp/npm-1380693348094/1380693348094-0.33581690210849047/___package.npm/package/test/resources/google_com.html
silly chmod package 755
silly chmod lib 755
silly chmod test 755
silly chmod resources 755
verbose gunzed /tmp/npm-1380693348094/1380693348094-0.33581690210849047/___package.npm/package
verbose rm'ed /tmp/npm-1380693348094/1380693348094-0.33581690210849047/package
verbose renamed [ '/tmp/npm-1380693348094/1380693348094-0.33581690210849047/___package.npm/package',
verbose renamed   '/tmp/npm-1380693348094/1380693348094-0.33581690210849047/package' ]
verbose caching /tmp/npm-1380693348094/1380693348094-0.33581690210849047/package/package.json
verbose loadDefaults scrap@0.1.0
verbose tarball contents [ 'package', 'tmp.tgz' ]
verbose from cache /tmp/npm-1380693348094/1380693348094-0.33581690210849047/package/package.json
verbose pack /tmp/npm-1380693348094/1380693348094-0.33581690210849047/package
verbose pack /tmp/npm-1380693348094/1380693348094-0.33581690210849047/package /home/sarnobat/.npm/scrap/0.1.0/package.tgz
silly makeList /tmp/npm-1380693348094/1380693348094-0.33581690210849047/package
silly dir, dirLen [ '/tmp/npm-1380693348094/1380693348094-0.33581690210849047/package',
silly dir, dirLen   65 ]
verbose tarball /home/sarnobat/.npm/scrap/0.1.0/package.tgz
verbose parent /tmp/npm-1380693348094/1380693348094-0.33581690210849047/package
verbose mkdir (expected) error ENOENT, stat '/home/sarnobat/.npm/scrap/0.1.0/___package.npm'
verbose mkdir done: /home/sarnobat/.npm/scrap/0.1.0/___package.npm 755
verbose unpack_ uid, gid [ undefined, undefined ]
verbose unpackTarget /home/sarnobat/.npm/scrap/0.1.0/package
silly gunzTarPerm modes [ '755', '644' ]
silly afterUntar ok
silly asyncMap in gTP /home/sarnobat/.npm/scrap/0.1.0/___package.npm/package
silly asyncMap in gTP /home/sarnobat/.npm/scrap/0.1.0/___package.npm/package/CHANGELOG.md
silly asyncMap in gTP /home/sarnobat/.npm/scrap/0.1.0/___package.npm/package/LICENSE
silly asyncMap in gTP /home/sarnobat/.npm/scrap/0.1.0/___package.npm/package/package.json
silly asyncMap in gTP /home/sarnobat/.npm/scrap/0.1.0/___package.npm/package/README.md
silly asyncMap in gTP /home/sarnobat/.npm/scrap/0.1.0/___package.npm/package/.npmignore
silly asyncMap in gTP /home/sarnobat/.npm/scrap/0.1.0/___package.npm/package/lib
silly asyncMap in gTP /home/sarnobat/.npm/scrap/0.1.0/___package.npm/package/lib/scrap.js
silly asyncMap in gTP /home/sarnobat/.npm/scrap/0.1.0/___package.npm/package/test
silly asyncMap in gTP /home/sarnobat/.npm/scrap/0.1.0/___package.npm/package/test/mocha.opts
silly asyncMap in gTP /home/sarnobat/.npm/scrap/0.1.0/___package.npm/package/test/scrap.test.js
silly asyncMap in gTP /home/sarnobat/.npm/scrap/0.1.0/___package.npm/package/test/resources
silly asyncMap in gTP /home/sarnobat/.npm/scrap/0.1.0/___package.npm/package/test/resources/.gitkeep
silly asyncMap in gTP /home/sarnobat/.npm/scrap/0.1.0/___package.npm/package/test/resources/google_com.html
silly chmod package 755
verbose gunzed /home/sarnobat/.npm/scrap/0.1.0/___package.npm/package
verbose rm'ed /home/sarnobat/.npm/scrap/0.1.0/package
verbose renamed [ '/home/sarnobat/.npm/scrap/0.1.0/___package.npm/package',
verbose renamed   '/home/sarnobat/.npm/scrap/0.1.0/package' ]
verbose caching /home/sarnobat/.npm/scrap/0.1.0/package/package.json
verbose loadDefaults scrap@0.1.0
silly updated sha bytes 5550
info shasum 40c9774661149a3f9802a8e81fd203d58f4f1fd8
info shasum /home/sarnobat/.npm/scrap/0.1.0/package.tgz
verbose from cache /home/sarnobat/.npm/scrap/0.1.0/package/package.json
verbose chmod /home/sarnobat/.npm/scrap/0.1.0/package.tgz 644
verbose chown [ '/home/sarnobat/.npm/scrap/0.1.0/package.tgz', 1000, 1000 ]
silly resolved [ { name: 'scrap',
silly resolved     version: '0.1.0',
silly resolved     description: 'A simple screen scraper module that uses jQuery style semantics.',
silly resolved     homepage: [ '' ],
silly resolved     repository: 
silly resolved      { type: 'git',
silly resolved        url: 'git@github.com:jprichardson/node-scrap.git' },
silly resolved     keywords: 
silly resolved      [ 'screen',
silly resolved        'scraping',
silly resolved        'scraper',
silly resolved        'jquery',
silly resolved        'harvesting',
silly resolved        'screen scraping',
silly resolved        'cheerio',
silly resolved        'request',
silly resolved        'http',
silly resolved        'html' ],
silly resolved     author: { name: 'JP Richardson', email: 'jprichardson@gmail.com' },
silly resolved     licenses: [ { type: 'MIT', url: '' } ],
silly resolved     dependencies: { request: '*', cheerio: '0.10.4' },
silly resolved     devDependencies: { autoresolve: '0.0.3', buffet: '~0.4.6' },
silly resolved     main: './lib/scrap.js',
silly resolved     scripts: { test: 'mocha test' },
silly resolved     _id: 'scrap@0.1.0',
silly resolved     optionalDependencies: {},
silly resolved     engines: { node: '*' },
silly resolved     _engineSupported: true,
silly resolved     _npmVersion: '1.1.4',
silly resolved     _nodeVersion: 'v0.6.19',
silly resolved     _defaultsLoaded: true,
silly resolved     dist: { shasum: '40c9774661149a3f9802a8e81fd203d58f4f1fd8' },
silly resolved     _from: 'scrap' } ]
info into /home/sarnobat/Desktop/new/github/yurl_rest/js/neo4j_rest_server_nodejs scrap@0.1.0
info installOne scrap@0.1.0
verbose from cache /home/sarnobat/.npm/scrap/0.1.0/package/package.json
info unbuild /home/sarnobat/Desktop/new/github/yurl_rest/js/neo4j_rest_server_nodejs/node_modules/scrap
verbose mkdir (expected) error ENOENT, stat '/home/sarnobat/Desktop/new/github/yurl_rest/js/neo4j_rest_server_nodejs/node_modules/___scrap.npm'
verbose mkdir done: /home/sarnobat/Desktop/new/github/yurl_rest/js/neo4j_rest_server_nodejs/node_modules/___scrap.npm 755
verbose unpack_ uid, gid [ undefined, undefined ]
verbose unpackTarget /home/sarnobat/Desktop/new/github/yurl_rest/js/neo4j_rest_server_nodejs/node_modules/scrap
silly gunzTarPerm modes [ '755', '644' ]
silly afterUntar ok
silly asyncMap in gTP /home/sarnobat/Desktop/new/github/yurl_rest/js/neo4j_rest_server_nodejs/node_modules/___scrap.npm/package
silly asyncMap in gTP /home/sarnobat/Desktop/new/github/yurl_rest/js/neo4j_rest_server_nodejs/node_modules/___scrap.npm/package/CHANGELOG.md
silly asyncMap in gTP /home/sarnobat/Desktop/new/github/yurl_rest/js/neo4j_rest_server_nodejs/node_modules/___scrap.npm/package/LICENSE
silly asyncMap in gTP /home/sarnobat/Desktop/new/github/yurl_rest/js/neo4j_rest_server_nodejs/node_modules/___scrap.npm/package/package.json
silly asyncMap in gTP /home/sarnobat/Desktop/new/github/yurl_rest/js/neo4j_rest_server_nodejs/node_modules/___scrap.npm/package/README.md
silly asyncMap in gTP /home/sarnobat/Desktop/new/github/yurl_rest/js/neo4j_rest_server_nodejs/node_modules/___scrap.npm/package/.npmignore
silly asyncMap in gTP /home/sarnobat/Desktop/new/github/yurl_rest/js/neo4j_rest_server_nodejs/node_modules/___scrap.npm/package/lib
silly asyncMap in gTP /home/sarnobat/Desktop/new/github/yurl_rest/js/neo4j_rest_server_nodejs/node_modules/___scrap.npm/package/lib/scrap.js
silly asyncMap in gTP /home/sarnobat/Desktop/new/github/yurl_rest/js/neo4j_rest_server_nodejs/node_modules/___scrap.npm/package/test
silly asyncMap in gTP /home/sarnobat/Desktop/new/github/yurl_rest/js/neo4j_rest_server_nodejs/node_modules/___scrap.npm/package/test/mocha.opts
silly asyncMap in gTP /home/sarnobat/Desktop/new/github/yurl_rest/js/neo4j_rest_server_nodejs/node_modules/___scrap.npm/package/test/scrap.test.js
silly asyncMap in gTP /home/sarnobat/Desktop/new/github/yurl_rest/js/neo4j_rest_server_nodejs/node_modules/___scrap.npm/package/test/resources
silly asyncMap in gTP /home/sarnobat/Desktop/new/github/yurl_rest/js/neo4j_rest_server_nodejs/node_modules/___scrap.npm/package/test/resources/.gitkeep
silly asyncMap in gTP /home/sarnobat/Desktop/new/github/yurl_rest/js/neo4j_rest_server_nodejs/node_modules/___scrap.npm/package/test/resources/google_com.html
silly chmod package 755
verbose gunzed /home/sarnobat/Desktop/new/github/yurl_rest/js/neo4j_rest_server_nodejs/node_modules/___scrap.npm/package
verbose rm'ed /home/sarnobat/Desktop/new/github/yurl_rest/js/neo4j_rest_server_nodejs/node_modules/scrap
verbose renamed [ '/home/sarnobat/Desktop/new/github/yurl_rest/js/neo4j_rest_server_nodejs/node_modules/___scrap.npm/package',
verbose renamed   '/home/sarnobat/Desktop/new/github/yurl_rest/js/neo4j_rest_server_nodejs/node_modules/scrap' ]
verbose caching /home/sarnobat/Desktop/new/github/yurl_rest/js/neo4j_rest_server_nodejs/node_modules/scrap/package.json
verbose loadDefaults scrap@0.1.0
info preinstall scrap@0.1.0
verbose from cache /home/sarnobat/Desktop/new/github/yurl_rest/js/neo4j_rest_server_nodejs/node_modules/scrap/package.json
verbose readDependencies: using package.json deps
verbose from cache /home/sarnobat/Desktop/new/github/yurl_rest/js/neo4j_rest_server_nodejs/node_modules/scrap/package.json
verbose readDependencies: using package.json deps
verbose cache add [ 'request@*', null ]
silly cache add: name, spec, args [ undefined, 'request@*', [ 'request@*', null ] ]
verbose parsed url { pathname: 'request@*', path: 'request@*', href: 'request@*' }
silly cache add: name, spec, args [ 'request', '*', [ 'request', '*' ] ]
verbose parsed url { pathname: '*', path: '*', href: '*' }
verbose addNamed [ 'request', '*' ]
verbose addNamed [ null, '' ]
silly name, range, hasData [ 'request', '', false ]
verbose cache add [ 'cheerio@0.10.4', null ]
silly cache add: name, spec, args [ undefined, 'cheerio@0.10.4', [ 'cheerio@0.10.4', null ] ]
verbose parsed url { pathname: 'cheerio@0.10.4',
verbose parsed url   path: 'cheerio@0.10.4',
verbose parsed url   href: 'cheerio@0.10.4' }
silly cache add: name, spec, args [ 'cheerio', '0.10.4', [ 'cheerio', '0.10.4' ] ]
verbose parsed url { pathname: '0.10.4', path: '0.10.4', href: '0.10.4' }
verbose addNamed [ 'cheerio', '0.10.4' ]
verbose addNamed [ '0.10.4', '0.10.4' ]
verbose raw, before any munging cheerio/0.10.4
verbose url resolving [ 'https://registry.npmjs.org/', './cheerio/0.10.4' ]
verbose url resolved https://registry.npmjs.org/cheerio/0.10.4
http GET https://registry.npmjs.org/cheerio/0.10.4
verbose raw, before any munging request
verbose url resolving [ 'https://registry.npmjs.org/', './request' ]
verbose url resolved https://registry.npmjs.org/request
verbose etag "ABWM7GC5S8E7Q3UWISYJH4I5J"
http GET https://registry.npmjs.org/request
http 304 https://registry.npmjs.org/request
silly get cb [ 304,
silly get cb   { server: 'CouchDB/1.3.1 (Erlang OTP/R15B03)',
silly get cb     etag: '"ABWM7GC5S8E7Q3UWISYJH4I5J"',
silly get cb     date: 'Wed, 02 Oct 2013 05:55:41 GMT',
silly get cb     'content-length': '0' } ]
verbose etag request from cache
silly name, range, hasData 2 [ 'request', '', true ]
silly versions [ 'request',
silly versions   [ '0.10.0',
silly versions     '0.8.3',
silly versions     '0.9.0',
silly versions     '0.9.1',
silly versions     '0.9.5',
silly versions     '1.0.0',
silly versions     '1.1.0',
silly versions     '1.1.1',
silly versions     '1.2.0',
silly versions     '1.9.0',
silly versions     '1.9.1',
silly versions     '1.9.2',
silly versions     '1.9.3',
silly versions     '1.9.5',
silly versions     '1.9.7',
silly versions     '1.9.8',
silly versions     '1.9.9',
silly versions     '2.0.0',
silly versions     '2.0.1',
silly versions     '2.0.2',
silly versions     '2.0.3',
silly versions     '2.0.4',
silly versions     '2.0.5',
silly versions     '2.1.0',
silly versions     '2.1.1',
silly versions     '2.2.0',
silly versions     '2.2.5',
silly versions     '2.2.6',
silly versions     '2.2.9',
silly versions     '2.9.0',
silly versions     '2.9.1',
silly versions     '2.9.2',
silly versions     '2.9.3',
silly versions     '2.9.100',
silly versions     '2.9.150',
silly versions     '2.9.151',
silly versions     '2.9.152',
silly versions     '2.9.153',
silly versions     '2.9.200',
silly versions     '2.9.201',
silly versions     '2.9.202',
silly versions     '2.9.203',
silly versions     '2.10.0',
silly versions     '2.11.0',
silly versions     '2.11.1',
silly versions     '2.11.2',
silly versions     '2.11.3',
silly versions     '2.11.4',
silly versions     '2.12.0',
silly versions     '2.14.0',
silly versions     '2.16.0',
silly versions     '2.16.2',
silly versions     '2.16.4',
silly versions     '2.16.6',
silly versions     '2.18.0',
silly versions     '2.19.0',
silly versions     '2.20.0',
silly versions     '2.21.0',
silly versions     '2.22.0',
silly versions     '2.23.0',
silly versions     '2.24.0',
silly versions     '2.25.0',
silly versions     '2.26.0',
silly versions     '2.27.0' ] ]
verbose bin dist [ '0.6-ares1.9.1-evundefined-openssl1.0.1c-v83.8.9.20-linux-ia32-3.5.0-40-generic',
verbose bin dist   { shasum: 'dfb1a224dd3a5a9bade4337012503d710e538668',
verbose bin dist     tarball: 'http://registry.npmjs.org/request/-/request-2.27.0.tgz' } ]
verbose addRemoteTarball [ 'https://registry.npmjs.org/request/-/request-2.27.0.tgz',
verbose addRemoteTarball   'dfb1a224dd3a5a9bade4337012503d710e538668' ]
verbose mkdir (expected) error ENOENT, stat '/tmp/npm-1380693348094/1380693349793-0.8698993118014187'
verbose mkdir done: /tmp/npm-1380693348094/1380693349793-0.8698993118014187 755
verbose fetch to /tmp/npm-1380693348094/1380693349793-0.8698993118014187/tmp.tgz
http GET https://registry.npmjs.org/request/-/request-2.27.0.tgz
http 200 https://registry.npmjs.org/cheerio/0.10.4
silly get cb [ 200,
silly get cb   { vary: 'Accept',
silly get cb     server: 'CouchDB/1.3.1 (Erlang OTP/R15B03)',
silly get cb     etag: '"BX0382UGHV8FZIRGU7VT4NWOE"',
silly get cb     date: 'Wed, 02 Oct 2013 05:55:41 GMT',
silly get cb     'content-type': 'application/json',
silly get cb     'content-length': '18615' } ]
verbose mkdir (expected) error ENOENT, stat '/home/sarnobat/.npm/cheerio'
verbose mkdir (expected) error ENOENT, stat '/home/sarnobat/.npm/cheerio/0.10.4'
verbose mkdir done: /home/sarnobat/.npm/cheerio/0.10.4 755
verbose bin dist [ '0.6-ares1.9.1-evundefined-openssl1.0.1c-v83.8.9.20-linux-ia32-3.5.0-40-generic',
verbose bin dist   { shasum: '70fc0684142aaf890fbacddd6ad761b6f37301d6',
verbose bin dist     tarball: 'http://registry.npmjs.org/cheerio/-/cheerio-0.10.4.tgz' } ]
verbose addRemoteTarball [ 'https://registry.npmjs.org/cheerio/-/cheerio-0.10.4.tgz',
verbose addRemoteTarball   '70fc0684142aaf890fbacddd6ad761b6f37301d6' ]
verbose mkdir (expected) error ENOENT, stat '/tmp/npm-1380693348094/1380693349842-0.863778084050864'
verbose mkdir done: /tmp/npm-1380693348094/1380693349842-0.863778084050864 755
verbose fetch to /tmp/npm-1380693348094/1380693349842-0.863778084050864/tmp.tgz
http GET https://registry.npmjs.org/cheerio/-/cheerio-0.10.4.tgz
http 200 https://registry.npmjs.org/request/-/request-2.27.0.tgz
http 200 https://registry.npmjs.org/cheerio/-/cheerio-0.10.4.tgz
silly updated sha bytes 22682
info shasum 70fc0684142aaf890fbacddd6ad761b6f37301d6
info shasum /tmp/npm-1380693348094/1380693349842-0.863778084050864/tmp.tgz
verbose mkdir (expected) error ENOENT, stat '/tmp/npm-1380693348094/1380693349842-0.863778084050864/___package.npm'
verbose mkdir done: /tmp/npm-1380693348094/1380693349842-0.863778084050864/___package.npm 755
verbose unpack_ uid, gid [ undefined, undefined ]
verbose unpackTarget /tmp/npm-1380693348094/1380693349842-0.863778084050864/package
silly gunzTarPerm modes [ '755', '644' ]
silly updated sha bytes 40960
silly updated sha bytes 40960
silly updated sha bytes 18871
info shasum dfb1a224dd3a5a9bade4337012503d710e538668
info shasum /tmp/npm-1380693348094/1380693349793-0.8698993118014187/tmp.tgz
verbose mkdir (expected) error ENOENT, stat '/tmp/npm-1380693348094/1380693349793-0.8698993118014187/___package.npm'
verbose mkdir done: /tmp/npm-1380693348094/1380693349793-0.8698993118014187/___package.npm 755
verbose unpack_ uid, gid [ undefined, undefined ]
verbose unpackTarget /tmp/npm-1380693348094/1380693349793-0.8698993118014187/package
silly gunzTarPerm modes [ '755', '644' ]
silly afterUntar ok
silly asyncMap in gTP /tmp/npm-1380693348094/1380693349842-0.863778084050864/___package.npm/package
silly asyncMap in gTP /tmp/npm-1380693348094/1380693349842-0.863778084050864/___package.npm/package/Readme.md
silly asyncMap in gTP /tmp/npm-1380693348094/1380693349842-0.863778084050864/___package.npm/package/Makefile
silly asyncMap in gTP /tmp/npm-1380693348094/1380693349842-0.863778084050864/___package.npm/package/History.md
silly asyncMap in gTP /tmp/npm-1380693348094/1380693349842-0.863778084050864/___package.npm/package/index.js
silly asyncMap in gTP /tmp/npm-1380693348094/1380693349842-0.863778084050864/___package.npm/package/package.json
silly asyncMap in gTP /tmp/npm-1380693348094/1380693349842-0.863778084050864/___package.npm/package/.npmignore
silly asyncMap in gTP /tmp/npm-1380693348094/1380693349842-0.863778084050864/___package.npm/package/.travis.yml
silly asyncMap in gTP /tmp/npm-1380693348094/1380693349842-0.863778084050864/___package.npm/package/test
silly asyncMap in gTP /tmp/npm-1380693348094/1380693349842-0.863778084050864/___package.npm/package/test/parse.js
silly asyncMap in gTP /tmp/npm-1380693348094/1380693349842-0.863778084050864/___package.npm/package/test/render.js
silly asyncMap in gTP /tmp/npm-1380693348094/1380693349842-0.863778084050864/___package.npm/package/test/api.traversing.js
silly asyncMap in gTP /tmp/npm-1380693348094/1380693349842-0.863778084050864/___package.npm/package/test/mocha.opts
silly asyncMap in gTP /tmp/npm-1380693348094/1380693349842-0.863778084050864/___package.npm/package/test/api.utils.js
silly asyncMap in gTP /tmp/npm-1380693348094/1380693349842-0.863778084050864/___package.npm/package/test/cheerio.js
silly asyncMap in gTP /tmp/npm-1380693348094/1380693349842-0.863778084050864/___package.npm/package/test/api.attributes.js
silly asyncMap in gTP /tmp/npm-1380693348094/1380693349842-0.863778084050864/___package.npm/package/test/fixtures.js
silly asyncMap in gTP /tmp/npm-1380693348094/1380693349842-0.863778084050864/___package.npm/package/test/api.manipulation.js
silly asyncMap in gTP /tmp/npm-1380693348094/1380693349842-0.863778084050864/___package.npm/package/benchmarks
silly asyncMap in gTP /tmp/npm-1380693348094/1380693349842-0.863778084050864/___package.npm/package/benchmarks/htmlparser.js
silly asyncMap in gTP /tmp/npm-1380693348094/1380693349842-0.863778084050864/___package.npm/package/lib
silly asyncMap in gTP /tmp/npm-1380693348094/1380693349842-0.863778084050864/___package.npm/package/lib/parse.js
silly asyncMap in gTP /tmp/npm-1380693348094/1380693349842-0.863778084050864/___package.npm/package/lib/render.js
silly asyncMap in gTP /tmp/npm-1380693348094/1380693349842-0.863778084050864/___package.npm/package/lib/cheerio.js
silly asyncMap in gTP /tmp/npm-1380693348094/1380693349842-0.863778084050864/___package.npm/package/lib/static.js
silly asyncMap in gTP /tmp/npm-1380693348094/1380693349842-0.863778084050864/___package.npm/package/lib/utils.js
silly asyncMap in gTP /tmp/npm-1380693348094/1380693349842-0.863778084050864/___package.npm/package/lib/api
silly asyncMap in gTP /tmp/npm-1380693348094/1380693349842-0.863778084050864/___package.npm/package/lib/api/traversing.js
silly asyncMap in gTP /tmp/npm-1380693348094/1380693349842-0.863778084050864/___package.npm/package/lib/api/manipulation.js
silly asyncMap in gTP /tmp/npm-1380693348094/1380693349842-0.863778084050864/___package.npm/package/lib/api/attributes.js
silly chmod package 755
silly chmod test 755
silly chmod benchmarks 755
silly chmod lib 755
silly chmod api 755
verbose gunzed /tmp/npm-1380693348094/1380693349842-0.863778084050864/___package.npm/package
verbose rm'ed /tmp/npm-1380693348094/1380693349842-0.863778084050864/package
verbose renamed [ '/tmp/npm-1380693348094/1380693349842-0.863778084050864/___package.npm/package',
verbose renamed   '/tmp/npm-1380693348094/1380693349842-0.863778084050864/package' ]
verbose caching /tmp/npm-1380693348094/1380693349842-0.863778084050864/package/package.json
verbose loadDefaults cheerio@0.10.4
verbose tarball contents [ 'package', 'tmp.tgz' ]
verbose from cache /tmp/npm-1380693348094/1380693349842-0.863778084050864/package/package.json
verbose pack /tmp/npm-1380693348094/1380693349842-0.863778084050864/package
verbose pack /tmp/npm-1380693348094/1380693349842-0.863778084050864/package /home/sarnobat/.npm/cheerio/0.10.4/package.tgz
silly makeList /tmp/npm-1380693348094/1380693349842-0.863778084050864/package
silly dir, dirLen [ '/tmp/npm-1380693348094/1380693349842-0.863778084050864/package',
silly dir, dirLen   63 ]
verbose tarball /home/sarnobat/.npm/cheerio/0.10.4/package.tgz
verbose parent /tmp/npm-1380693348094/1380693349842-0.863778084050864/package
verbose mkdir (expected) error ENOENT, stat '/home/sarnobat/.npm/cheerio/0.10.4/___package.npm'
verbose mkdir done: /home/sarnobat/.npm/cheerio/0.10.4/___package.npm 755
verbose unpack_ uid, gid [ undefined, undefined ]
verbose unpackTarget /home/sarnobat/.npm/cheerio/0.10.4/package
silly gunzTarPerm modes [ '755', '644' ]
silly afterUntar ok
silly afterUntar ok
silly asyncMap in gTP /home/sarnobat/.npm/cheerio/0.10.4/___package.npm/package
silly asyncMap in gTP /home/sarnobat/.npm/cheerio/0.10.4/___package.npm/package/Readme.md
silly asyncMap in gTP /home/sarnobat/.npm/cheerio/0.10.4/___package.npm/package/Makefile
silly asyncMap in gTP /home/sarnobat/.npm/cheerio/0.10.4/___package.npm/package/History.md
silly asyncMap in gTP /home/sarnobat/.npm/cheerio/0.10.4/___package.npm/package/index.js
silly asyncMap in gTP /home/sarnobat/.npm/cheerio/0.10.4/___package.npm/package/package.json
silly asyncMap in gTP /home/sarnobat/.npm/cheerio/0.10.4/___package.npm/package/.npmignore
silly asyncMap in gTP /home/sarnobat/.npm/cheerio/0.10.4/___package.npm/package/.travis.yml
silly asyncMap in gTP /home/sarnobat/.npm/cheerio/0.10.4/___package.npm/package/test
silly asyncMap in gTP /home/sarnobat/.npm/cheerio/0.10.4/___package.npm/package/test/parse.js
silly asyncMap in gTP /home/sarnobat/.npm/cheerio/0.10.4/___package.npm/package/test/render.js
silly asyncMap in gTP /home/sarnobat/.npm/cheerio/0.10.4/___package.npm/package/test/api.traversing.js
silly asyncMap in gTP /home/sarnobat/.npm/cheerio/0.10.4/___package.npm/package/test/mocha.opts
silly asyncMap in gTP /home/sarnobat/.npm/cheerio/0.10.4/___package.npm/package/test/api.utils.js
silly asyncMap in gTP /home/sarnobat/.npm/cheerio/0.10.4/___package.npm/package/test/cheerio.js
silly asyncMap in gTP /home/sarnobat/.npm/cheerio/0.10.4/___package.npm/package/test/api.attributes.js
silly asyncMap in gTP /home/sarnobat/.npm/cheerio/0.10.4/___package.npm/package/test/fixtures.js
silly asyncMap in gTP /home/sarnobat/.npm/cheerio/0.10.4/___package.npm/package/test/api.manipulation.js
silly asyncMap in gTP /home/sarnobat/.npm/cheerio/0.10.4/___package.npm/package/benchmarks
silly asyncMap in gTP /home/sarnobat/.npm/cheerio/0.10.4/___package.npm/package/benchmarks/htmlparser.js
silly asyncMap in gTP /home/sarnobat/.npm/cheerio/0.10.4/___package.npm/package/lib
silly asyncMap in gTP /home/sarnobat/.npm/cheerio/0.10.4/___package.npm/package/lib/parse.js
silly asyncMap in gTP /home/sarnobat/.npm/cheerio/0.10.4/___package.npm/package/lib/render.js
silly asyncMap in gTP /home/sarnobat/.npm/cheerio/0.10.4/___package.npm/package/lib/cheerio.js
silly asyncMap in gTP /home/sarnobat/.npm/cheerio/0.10.4/___package.npm/package/lib/static.js
silly asyncMap in gTP /home/sarnobat/.npm/cheerio/0.10.4/___package.npm/package/lib/utils.js
silly asyncMap in gTP /home/sarnobat/.npm/cheerio/0.10.4/___package.npm/package/lib/api
silly asyncMap in gTP /home/sarnobat/.npm/cheerio/0.10.4/___package.npm/package/lib/api/traversing.js
silly asyncMap in gTP /home/sarnobat/.npm/cheerio/0.10.4/___package.npm/package/lib/api/manipulation.js
silly asyncMap in gTP /home/sarnobat/.npm/cheerio/0.10.4/___package.npm/package/lib/api/attributes.js
silly chmod package 755
verbose gunzed /home/sarnobat/.npm/cheerio/0.10.4/___package.npm/package
verbose rm'ed /home/sarnobat/.npm/cheerio/0.10.4/package
verbose renamed [ '/home/sarnobat/.npm/cheerio/0.10.4/___package.npm/package',
verbose renamed   '/home/sarnobat/.npm/cheerio/0.10.4/package' ]
verbose caching /home/sarnobat/.npm/cheerio/0.10.4/package/package.json
verbose loadDefaults cheerio@0.10.4
silly asyncMap in gTP /tmp/npm-1380693348094/1380693349793-0.8698993118014187/___package.npm/package
silly asyncMap in gTP /tmp/npm-1380693348094/1380693349793-0.8698993118014187/___package.npm/package/request.js
silly asyncMap in gTP /tmp/npm-1380693348094/1380693349793-0.8698993118014187/___package.npm/package/index.js
silly asyncMap in gTP /tmp/npm-1380693348094/1380693349793-0.8698993118014187/___package.npm/package/LICENSE
silly asyncMap in gTP /tmp/npm-1380693348094/1380693349793-0.8698993118014187/___package.npm/package/package.json
silly asyncMap in gTP /tmp/npm-1380693348094/1380693349793-0.8698993118014187/___package.npm/package/README.md
silly asyncMap in gTP /tmp/npm-1380693348094/1380693349793-0.8698993118014187/___package.npm/package/.npmignore
silly asyncMap in gTP /tmp/npm-1380693348094/1380693349793-0.8698993118014187/___package.npm/package/lib
silly asyncMap in gTP /tmp/npm-1380693348094/1380693349793-0.8698993118014187/___package.npm/package/lib/getSafe.js
silly asyncMap in gTP /tmp/npm-1380693348094/1380693349793-0.8698993118014187/___package.npm/package/lib/copy.js
silly asyncMap in gTP /tmp/npm-1380693348094/1380693349793-0.8698993118014187/___package.npm/package/lib/debug.js
silly asyncMap in gTP /tmp/npm-1380693348094/1380693349793-0.8698993118014187/___package.npm/package/tests
silly asyncMap in gTP /tmp/npm-1380693348094/1380693349793-0.8698993118014187/___package.npm/package/tests/test-httpModule.js
silly asyncMap in gTP /tmp/npm-1380693348094/1380693349793-0.8698993118014187/___package.npm/package/tests/test-piped-redirect.js
silly asyncMap in gTP /tmp/npm-1380693348094/1380693349793-0.8698993118014187/___package.npm/package/tests/test-errors.js
silly asyncMap in gTP /tmp/npm-1380693348094/1380693349793-0.8698993118014187/___package.npm/package/tests/test-hawk.js
silly asyncMap in gTP /tmp/npm-1380693348094/1380693349793-0.8698993118014187/___package.npm/package/tests/test-qs.js
silly asyncMap in gTP /tmp/npm-1380693348094/1380693349793-0.8698993118014187/___package.npm/package/tests/unicycle.jpg
silly asyncMap in gTP /tmp/npm-1380693348094/1380693349793-0.8698993118014187/___package.npm/package/tests/squid.conf
silly asyncMap in gTP /tmp/npm-1380693348094/1380693349793-0.8698993118014187/___package.npm/package/tests/test-pipes.js
silly asyncMap in gTP /tmp/npm-1380693348094/1380693349793-0.8698993118014187/___package.npm/package/tests/test-pool.js
silly asyncMap in gTP /tmp/npm-1380693348094/1380693349793-0.8698993118014187/___package.npm/package/tests/server.js
silly asyncMap in gTP /tmp/npm-1380693348094/1380693349793-0.8698993118014187/___package.npm/package/tests/test-timeout.js
silly asyncMap in gTP /tmp/npm-1380693348094/1380693349793-0.8698993118014187/___package.npm/package/tests/test-defaults.js
silly asyncMap in gTP /tmp/npm-1380693348094/1380693349793-0.8698993118014187/___package.npm/package/tests/test-params.js
silly asyncMap in gTP /tmp/npm-1380693348094/1380693349793-0.8698993118014187/___package.npm/package/tests/test-agentOptions.js
silly asyncMap in gTP /tmp/npm-1380693348094/1380693349793-0.8698993118014187/___package.npm/package/tests/test-https-strict.js
silly asyncMap in gTP /tmp/npm-1380693348094/1380693349793-0.8698993118014187/___package.npm/package/tests/test-redirect.js
silly asyncMap in gTP /tmp/npm-1380693348094/1380693349793-0.8698993118014187/___package.npm/package/tests/test-emptyBody.js
silly asyncMap in gTP /tmp/npm-1380693348094/1380693349793-0.8698993118014187/___package.npm/package/tests/test-toJSON.js
silly asyncMap in gTP /tmp/npm-1380693348094/1380693349793-0.8698993118014187/___package.npm/package/tests/test-proxy.js
silly asyncMap in gTP /tmp/npm-1380693348094/1380693349793-0.8698993118014187/___package.npm/package/tests/test-tunnel.js
silly asyncMap in gTP /tmp/npm-1380693348094/1380693349793-0.8698993118014187/___package.npm/package/tests/test-oauth.js
silly asyncMap in gTP /tmp/npm-1380693348094/1380693349793-0.8698993118014187/___package.npm/package/tests/test-onelineproxy.js
silly asyncMap in gTP /tmp/npm-1380693348094/1380693349793-0.8698993118014187/___package.npm/package/tests/test-protocol-changing-redirect.js
silly asyncMap in gTP /tmp/npm-1380693348094/1380693349793-0.8698993118014187/___package.npm/package/tests/test-basic-auth.js
silly asyncMap in gTP /tmp/npm-1380693348094/1380693349793-0.8698993118014187/___package.npm/package/tests/test-form.js
silly asyncMap in gTP /tmp/npm-1380693348094/1380693349793-0.8698993118014187/___package.npm/package/tests/run.js
silly asyncMap in gTP /tmp/npm-1380693348094/1380693349793-0.8698993118014187/___package.npm/package/tests/test-https.js
silly asyncMap in gTP /tmp/npm-1380693348094/1380693349793-0.8698993118014187/___package.npm/package/tests/googledoodle.jpg
silly asyncMap in gTP /tmp/npm-1380693348094/1380693349793-0.8698993118014187/___package.npm/package/tests/test-s3.js
silly asyncMap in gTP /tmp/npm-1380693348094/1380693349793-0.8698993118014187/___package.npm/package/tests/test-follow-all-303.js
silly asyncMap in gTP /tmp/npm-1380693348094/1380693349793-0.8698993118014187/___package.npm/package/tests/test-digest-auth.js
silly asyncMap in gTP /tmp/npm-1380693348094/1380693349793-0.8698993118014187/___package.npm/package/tests/test-isUrl.js
silly asyncMap in gTP /tmp/npm-1380693348094/1380693349793-0.8698993118014187/___package.npm/package/tests/test-localAddress.js
silly asyncMap in gTP /tmp/npm-1380693348094/1380693349793-0.8698993118014187/___package.npm/package/tests/test-http-signature.js
silly asyncMap in gTP /tmp/npm-1380693348094/1380693349793-0.8698993118014187/___package.npm/package/tests/test-follow-all.js
silly asyncMap in gTP /tmp/npm-1380693348094/1380693349793-0.8698993118014187/___package.npm/package/tests/test-body.js
silly asyncMap in gTP /tmp/npm-1380693348094/1380693349793-0.8698993118014187/___package.npm/package/tests/test-headers.js
silly asyncMap in gTP /tmp/npm-1380693348094/1380693349793-0.8698993118014187/___package.npm/package/tests/ssl
silly asyncMap in gTP /tmp/npm-1380693348094/1380693349793-0.8698993118014187/___package.npm/package/tests/ssl/test.crt
silly asyncMap in gTP /tmp/npm-1380693348094/1380693349793-0.8698993118014187/___package.npm/package/tests/ssl/test.key
silly asyncMap in gTP /tmp/npm-1380693348094/1380693349793-0.8698993118014187/___package.npm/package/tests/ssl/npm-ca.crt
silly asyncMap in gTP /tmp/npm-1380693348094/1380693349793-0.8698993118014187/___package.npm/package/tests/ssl/ca
silly asyncMap in gTP /tmp/npm-1380693348094/1380693349793-0.8698993118014187/___package.npm/package/tests/ssl/ca/ca.cnf
silly asyncMap in gTP /tmp/npm-1380693348094/1380693349793-0.8698993118014187/___package.npm/package/tests/ssl/ca/ca.srl
silly asyncMap in gTP /tmp/npm-1380693348094/1380693349793-0.8698993118014187/___package.npm/package/tests/ssl/ca/server.js
silly asyncMap in gTP /tmp/npm-1380693348094/1380693349793-0.8698993118014187/___package.npm/package/tests/ssl/ca/ca.crl
silly asyncMap in gTP /tmp/npm-1380693348094/1380693349793-0.8698993118014187/___package.npm/package/tests/ssl/ca/server.key
silly asyncMap in gTP /tmp/npm-1380693348094/1380693349793-0.8698993118014187/___package.npm/package/tests/ssl/ca/ca.crt
silly asyncMap in gTP /tmp/npm-1380693348094/1380693349793-0.8698993118014187/___package.npm/package/tests/ssl/ca/server.csr
silly asyncMap in gTP /tmp/npm-1380693348094/1380693349793-0.8698993118014187/___package.npm/package/tests/ssl/ca/ca.key
silly asyncMap in gTP /tmp/npm-1380693348094/1380693349793-0.8698993118014187/___package.npm/package/tests/ssl/ca/ca.csr
silly asyncMap in gTP /tmp/npm-1380693348094/1380693349793-0.8698993118014187/___package.npm/package/tests/ssl/ca/server.cnf
silly asyncMap in gTP /tmp/npm-1380693348094/1380693349793-0.8698993118014187/___package.npm/package/tests/ssl/ca/server.crt
silly chmod package 755
silly chmod lib 755
silly chmod tests 755
silly chmod ssl 755
silly chmod ca 755
verbose gunzed /tmp/npm-1380693348094/1380693349793-0.8698993118014187/___package.npm/package
silly updated sha bytes 22678
verbose rm'ed /tmp/npm-1380693348094/1380693349793-0.8698993118014187/package
info shasum 91b9fd68f5d5ca8ca6aedd0b562b0a68e298b5a9
info shasum /home/sarnobat/.npm/cheerio/0.10.4/package.tgz
verbose from cache /home/sarnobat/.npm/cheerio/0.10.4/package/package.json
verbose chmod /home/sarnobat/.npm/cheerio/0.10.4/package.tgz 644
verbose chown [ '/home/sarnobat/.npm/cheerio/0.10.4/package.tgz', 1000, 1000 ]
verbose renamed [ '/tmp/npm-1380693348094/1380693349793-0.8698993118014187/___package.npm/package',
verbose renamed   '/tmp/npm-1380693348094/1380693349793-0.8698993118014187/package' ]
verbose caching /tmp/npm-1380693348094/1380693349793-0.8698993118014187/package/package.json
verbose loadDefaults request@2.27.0
verbose tarball contents [ 'package', 'tmp.tgz' ]
verbose from cache /tmp/npm-1380693348094/1380693349793-0.8698993118014187/package/package.json
verbose pack /tmp/npm-1380693348094/1380693349793-0.8698993118014187/package
verbose pack /tmp/npm-1380693348094/1380693349793-0.8698993118014187/package /home/sarnobat/.npm/request/2.27.0/package.tgz
silly makeList /tmp/npm-1380693348094/1380693349793-0.8698993118014187/package
silly dir, dirLen [ '/tmp/npm-1380693348094/1380693349793-0.8698993118014187/package',
silly dir, dirLen   64 ]
verbose tarball /home/sarnobat/.npm/request/2.27.0/package.tgz
verbose parent /tmp/npm-1380693348094/1380693349793-0.8698993118014187/package
verbose mkdir (expected) error ENOENT, stat '/home/sarnobat/.npm/request/2.27.0/___package.npm'
verbose mkdir done: /home/sarnobat/.npm/request/2.27.0/___package.npm 755
verbose unpack_ uid, gid [ undefined, undefined ]
verbose unpackTarget /home/sarnobat/.npm/request/2.27.0/package
silly gunzTarPerm modes [ '755', '644' ]
silly afterUntar ok
silly asyncMap in gTP /home/sarnobat/.npm/request/2.27.0/___package.npm/package
silly asyncMap in gTP /home/sarnobat/.npm/request/2.27.0/___package.npm/package/index.js
silly asyncMap in gTP /home/sarnobat/.npm/request/2.27.0/___package.npm/package/request.js
silly asyncMap in gTP /home/sarnobat/.npm/request/2.27.0/___package.npm/package/LICENSE
silly asyncMap in gTP /home/sarnobat/.npm/request/2.27.0/___package.npm/package/package.json
silly asyncMap in gTP /home/sarnobat/.npm/request/2.27.0/___package.npm/package/README.md
silly asyncMap in gTP /home/sarnobat/.npm/request/2.27.0/___package.npm/package/.npmignore
silly asyncMap in gTP /home/sarnobat/.npm/request/2.27.0/___package.npm/package/lib
silly asyncMap in gTP /home/sarnobat/.npm/request/2.27.0/___package.npm/package/lib/getSafe.js
silly asyncMap in gTP /home/sarnobat/.npm/request/2.27.0/___package.npm/package/lib/copy.js
silly asyncMap in gTP /home/sarnobat/.npm/request/2.27.0/___package.npm/package/lib/debug.js
silly asyncMap in gTP /home/sarnobat/.npm/request/2.27.0/___package.npm/package/tests
silly asyncMap in gTP /home/sarnobat/.npm/request/2.27.0/___package.npm/package/tests/test-httpModule.js
silly asyncMap in gTP /home/sarnobat/.npm/request/2.27.0/___package.npm/package/tests/test-piped-redirect.js
silly asyncMap in gTP /home/sarnobat/.npm/request/2.27.0/___package.npm/package/tests/test-errors.js
silly asyncMap in gTP /home/sarnobat/.npm/request/2.27.0/___package.npm/package/tests/test-hawk.js
silly asyncMap in gTP /home/sarnobat/.npm/request/2.27.0/___package.npm/package/tests/test-qs.js
silly asyncMap in gTP /home/sarnobat/.npm/request/2.27.0/___package.npm/package/tests/unicycle.jpg
silly asyncMap in gTP /home/sarnobat/.npm/request/2.27.0/___package.npm/package/tests/squid.conf
silly asyncMap in gTP /home/sarnobat/.npm/request/2.27.0/___package.npm/package/tests/test-pipes.js
silly asyncMap in gTP /home/sarnobat/.npm/request/2.27.0/___package.npm/package/tests/test-pool.js
silly asyncMap in gTP /home/sarnobat/.npm/request/2.27.0/___package.npm/package/tests/server.js
silly asyncMap in gTP /home/sarnobat/.npm/request/2.27.0/___package.npm/package/tests/test-timeout.js
silly asyncMap in gTP /home/sarnobat/.npm/request/2.27.0/___package.npm/package/tests/test-defaults.js
silly asyncMap in gTP /home/sarnobat/.npm/request/2.27.0/___package.npm/package/tests/test-params.js
silly asyncMap in gTP /home/sarnobat/.npm/request/2.27.0/___package.npm/package/tests/test-agentOptions.js
silly asyncMap in gTP /home/sarnobat/.npm/request/2.27.0/___package.npm/package/tests/test-https-strict.js
silly asyncMap in gTP /home/sarnobat/.npm/request/2.27.0/___package.npm/package/tests/test-redirect.js
silly asyncMap in gTP /home/sarnobat/.npm/request/2.27.0/___package.npm/package/tests/test-emptyBody.js
silly asyncMap in gTP /home/sarnobat/.npm/request/2.27.0/___package.npm/package/tests/test-toJSON.js
silly asyncMap in gTP /home/sarnobat/.npm/request/2.27.0/___package.npm/package/tests/test-proxy.js
silly asyncMap in gTP /home/sarnobat/.npm/request/2.27.0/___package.npm/package/tests/test-tunnel.js
silly asyncMap in gTP /home/sarnobat/.npm/request/2.27.0/___package.npm/package/tests/test-oauth.js
silly asyncMap in gTP /home/sarnobat/.npm/request/2.27.0/___package.npm/package/tests/test-onelineproxy.js
silly asyncMap in gTP /home/sarnobat/.npm/request/2.27.0/___package.npm/package/tests/test-protocol-changing-redirect.js
silly asyncMap in gTP /home/sarnobat/.npm/request/2.27.0/___package.npm/package/tests/test-basic-auth.js
silly asyncMap in gTP /home/sarnobat/.npm/request/2.27.0/___package.npm/package/tests/test-form.js
silly asyncMap in gTP /home/sarnobat/.npm/request/2.27.0/___package.npm/package/tests/run.js
silly asyncMap in gTP /home/sarnobat/.npm/request/2.27.0/___package.npm/package/tests/test-https.js
silly asyncMap in gTP /home/sarnobat/.npm/request/2.27.0/___package.npm/package/tests/googledoodle.jpg
silly asyncMap in gTP /home/sarnobat/.npm/request/2.27.0/___package.npm/package/tests/test-s3.js
silly asyncMap in gTP /home/sarnobat/.npm/request/2.27.0/___package.npm/package/tests/test-follow-all-303.js
silly asyncMap in gTP /home/sarnobat/.npm/request/2.27.0/___package.npm/package/tests/test-digest-auth.js
silly asyncMap in gTP /home/sarnobat/.npm/request/2.27.0/___package.npm/package/tests/test-isUrl.js
silly asyncMap in gTP /home/sarnobat/.npm/request/2.27.0/___package.npm/package/tests/test-localAddress.js
silly asyncMap in gTP /home/sarnobat/.npm/request/2.27.0/___package.npm/package/tests/test-http-signature.js
silly asyncMap in gTP /home/sarnobat/.npm/request/2.27.0/___package.npm/package/tests/test-follow-all.js
silly asyncMap in gTP /home/sarnobat/.npm/request/2.27.0/___package.npm/package/tests/test-body.js
silly asyncMap in gTP /home/sarnobat/.npm/request/2.27.0/___package.npm/package/tests/test-headers.js
silly asyncMap in gTP /home/sarnobat/.npm/request/2.27.0/___package.npm/package/tests/ssl
silly asyncMap in gTP /home/sarnobat/.npm/request/2.27.0/___package.npm/package/tests/ssl/test.crt
silly asyncMap in gTP /home/sarnobat/.npm/request/2.27.0/___package.npm/package/tests/ssl/test.key
silly asyncMap in gTP /home/sarnobat/.npm/request/2.27.0/___package.npm/package/tests/ssl/npm-ca.crt
silly asyncMap in gTP /home/sarnobat/.npm/request/2.27.0/___package.npm/package/tests/ssl/ca
silly asyncMap in gTP /home/sarnobat/.npm/request/2.27.0/___package.npm/package/tests/ssl/ca/ca.cnf
silly asyncMap in gTP /home/sarnobat/.npm/request/2.27.0/___package.npm/package/tests/ssl/ca/ca.srl
silly asyncMap in gTP /home/sarnobat/.npm/request/2.27.0/___package.npm/package/tests/ssl/ca/server.js
silly asyncMap in gTP /home/sarnobat/.npm/request/2.27.0/___package.npm/package/tests/ssl/ca/ca.crl
silly asyncMap in gTP /home/sarnobat/.npm/request/2.27.0/___package.npm/package/tests/ssl/ca/server.key
silly asyncMap in gTP /home/sarnobat/.npm/request/2.27.0/___package.npm/package/tests/ssl/ca/ca.crt
silly asyncMap in gTP /home/sarnobat/.npm/request/2.27.0/___package.npm/package/tests/ssl/ca/server.csr
silly asyncMap in gTP /home/sarnobat/.npm/request/2.27.0/___package.npm/package/tests/ssl/ca/ca.key
silly asyncMap in gTP /home/sarnobat/.npm/request/2.27.0/___package.npm/package/tests/ssl/ca/ca.csr
silly asyncMap in gTP /home/sarnobat/.npm/request/2.27.0/___package.npm/package/tests/ssl/ca/server.cnf
silly asyncMap in gTP /home/sarnobat/.npm/request/2.27.0/___package.npm/package/tests/ssl/ca/server.crt
silly chmod package 755
verbose gunzed /home/sarnobat/.npm/request/2.27.0/___package.npm/package
verbose rm'ed /home/sarnobat/.npm/request/2.27.0/package
verbose renamed [ '/home/sarnobat/.npm/request/2.27.0/___package.npm/package',
verbose renamed   '/home/sarnobat/.npm/request/2.27.0/package' ]
verbose caching /home/sarnobat/.npm/request/2.27.0/package/package.json
verbose loadDefaults request@2.27.0
silly updated sha bytes 40960
silly updated sha bytes 40960
silly updated sha bytes 21034
info shasum 9bd098b59fd525eb854623ca16b471d82c10a241
info shasum /home/sarnobat/.npm/request/2.27.0/package.tgz
verbose from cache /home/sarnobat/.npm/request/2.27.0/package/package.json
verbose chmod /home/sarnobat/.npm/request/2.27.0/package.tgz 644
verbose chown [ '/home/sarnobat/.npm/request/2.27.0/package.tgz', 1000, 1000 ]
silly resolved [ { author: 
silly resolved      { name: 'Matt Mueller',
silly resolved        email: 'mattmuelle@gmail.com',
silly resolved        url: 'mattmueller.me' },
silly resolved     name: 'cheerio',
silly resolved     description: 'Tiny, fast, and elegant implementation of core jQuery designed specifically for the server',
silly resolved     keywords: [ 'htmlparser', 'jquery', 'selector', 'scraper' ],
silly resolved     version: '0.10.4',
silly resolved     repository: 
silly resolved      { type: 'git',
silly resolved        url: 'git://github.com/MatthewMueller/cheerio.git' },
silly resolved     main: './index.js',
silly resolved     engines: { node: '>= 0.6' },
silly resolved     dependencies: 
silly resolved      { 'cheerio-select': '*',
silly resolved        htmlparser2: '2.x',
silly resolved        underscore: '*',
silly resolved        entities: '0.x' },
silly resolved     devDependencies: { mocha: '*', 'expect.js': '*' },
silly resolved     scripts: { test: 'make test' },
silly resolved     _id: 'cheerio@0.10.4',
silly resolved     optionalDependencies: {},
silly resolved     _engineSupported: true,
silly resolved     _npmVersion: '1.1.4',
silly resolved     _nodeVersion: 'v0.6.19',
silly resolved     _defaultsLoaded: true,
silly resolved     dist: { shasum: '91b9fd68f5d5ca8ca6aedd0b562b0a68e298b5a9' },
silly resolved     _from: 'cheerio@0.10.4' },
silly resolved   { name: 'request',
silly resolved     description: 'Simplified HTTP request client.',
silly resolved     tags: [ 'http', 'simple', 'util', 'utility' ],
silly resolved     version: '2.27.0',
silly resolved     author: { name: 'Mikeal Rogers', email: 'mikeal.rogers@gmail.com' },
silly resolved     repository: { type: 'git', url: 'git://github.com/mikeal/request.git' },
silly resolved     bugs: { url: 'http://github.com/mikeal/request/issues' },
silly resolved     engines: [ 'node >= 0.8.0', node: ' >= 0.8.0' ],
silly resolved     main: 'index.js',
silly resolved     dependencies: 
silly resolved      { qs: '~0.6.0',
silly resolved        'json-stringify-safe': '~5.0.0',
silly resolved        'forever-agent': '~0.5.0',
silly resolved        'tunnel-agent': '~0.3.0',
silly resolved        'http-signature': '~0.10.0',
silly resolved        hawk: '~1.0.0',
silly resolved        'aws-sign': '~0.3.0',
silly resolved        'oauth-sign': '~0.3.0',
silly resolved        'cookie-jar': '~0.3.0',
silly resolved        'node-uuid': '~1.4.0',
silly resolved        mime: '~1.2.9',
silly resolved        'form-data': '~0.1.0' },
silly resolved     scripts: { test: 'node tests/run.js' },
silly resolved     _id: 'request@2.27.0',
silly resolved     devDependencies: {},
silly resolved     optionalDependencies: {},
silly resolved     _engineSupported: false,
silly resolved     _npmVersion: '1.1.4',
silly resolved     _nodeVersion: 'v0.6.19',
silly resolved     _defaultsLoaded: true,
silly resolved     dist: { shasum: '9bd098b59fd525eb854623ca16b471d82c10a241' },
silly resolved     _from: 'request@*' } ]
info into /home/sarnobat/Desktop/new/github/yurl_rest/js/neo4j_rest_server_nodejs/node_modules/scrap cheerio@0.10.4
info into /home/sarnobat/Desktop/new/github/yurl_rest/js/neo4j_rest_server_nodejs/node_modules/scrap request@2.27.0
info installOne cheerio@0.10.4
info installOne request@2.27.0
verbose installOne cb request@2.27.0
verbose about to build /home/sarnobat/Desktop/new/github/yurl_rest/js/neo4j_rest_server_nodejs/node_modules/scrap
ERR! error installing scrap@0.1.0
info unbuild /home/sarnobat/Desktop/new/github/yurl_rest/js/neo4j_rest_server_nodejs/node_modules/scrap
verbose from cache /home/sarnobat/Desktop/new/github/yurl_rest/js/neo4j_rest_server_nodejs/node_modules/scrap/package.json
info preuninstall scrap@0.1.0
verbose from cache /home/sarnobat/.npm/cheerio/0.10.4/package/package.json
info unbuild /home/sarnobat/Desktop/new/github/yurl_rest/js/neo4j_rest_server_nodejs/node_modules/scrap/node_modules/cheerio
info uninstall scrap@0.1.0
verbose unbuild scrap@0.1.0 [ true,
verbose unbuild scrap@0.1.0   '/home/sarnobat/Desktop/new/github/yurl_rest/js/neo4j_rest_server_nodejs/node_modules',
verbose unbuild scrap@0.1.0   '/home/sarnobat/Desktop/new/github/yurl_rest/js/neo4j_rest_server_nodejs/node_modules' ]
info postuninstall scrap@0.1.0
verbose mkdir (expected) error ENOENT, stat '/home/sarnobat/Desktop/new/github/yurl_rest/js/neo4j_rest_server_nodejs/node_modules/scrap/node_modules'
verbose mkdir (expected) error ENOENT, stat '/home/sarnobat/Desktop/new/github/yurl_rest/js/neo4j_rest_server_nodejs/node_modules/scrap/node_modules/___cheerio.npm'
ERR! error rolling back scrap@0.1.0 Error: ENOTEMPTY, rmdir '/home/sarnobat/Desktop/new/github/yurl_rest/js/neo4j_rest_server_nodejs/node_modules/scrap'
verbose installOne cb scrap@0.1.0
ERR! Unsupported
ERR! Not compatible with your version of node/npm: request@2.27.0
ERR! Required: ["node >= 0.8.0"]
ERR! Actual:   {"npm":"1.1.4","node":"0.6.19"}
ERR! 
ERR! System Linux 3.5.0-40-generic
ERR! command "/usr/bin/nodejs" "/usr/bin/npm" "install" "scrap"
ERR! cwd /home/sarnobat/Desktop/new/github/yurl_rest/js/neo4j_rest_server_nodejs
ERR! node -v v0.6.19
ERR! npm -v 1.1.4
ERR! code ENOTSUP
ERR! message Unsupported
ERR! errno {}
verbose exit [ 1, true ]
